[16:51:32] [ServerMain/INFO]: Environment: authHost='https://authserver.mojang.com', accountsHost='https://api.mojang.com', sessionHost='https://sessionserver.mojang.com', servicesHost='https://api.minecraftservices.com', name='PROD'
[16:51:34] [Worker-Main-2/INFO]: Loaded 7 recipes
[16:51:36] [Server thread/INFO]: Starting minecraft server version 1.18.2
[16:51:36] [Server thread/INFO]: Loading properties
[16:51:36] [Server thread/INFO]: This server is running Paper version git-Paper-388 (MC: 1.18.2) (Implementing API version 1.18.2-R0.1-SNAPSHOT) (Git: fc9ee65 on ver/1.18.2)
[16:51:36] [Server thread/INFO]: Server Ping Player Sample Count: 12
[16:51:36] [Server thread/INFO]: Using 4 threads for Netty based IO
[16:51:36] [Server thread/INFO]: Default game type: SURVIVAL
[16:51:36] [Server thread/INFO]: Generating keypair
[16:51:37] [Server thread/INFO]: Starting Minecraft server on *:25565
[16:51:37] [Server thread/INFO]: Using default channel type
[16:51:37] [Server thread/INFO]: Paper: Using Java 11 compression from Velocity.
[16:51:37] [Server thread/INFO]: Paper: Using Java cipher from Velocity.
[16:51:38] [Server thread/INFO]: [zPractice] Loading zPractice v1.0-SNAPSHOT
[16:51:38] [Server thread/INFO]: Server permissions file permissions.yml is empty, ignoring it
[16:51:38] [Server thread/INFO]: Preparing level "world"
[16:51:39] [Server thread/INFO]: Preparing start region for dimension minecraft:overworld
[16:51:39] [Server thread/INFO]: Time elapsed: 660 ms
[16:51:39] [Server thread/INFO]: Preparing start region for dimension minecraft:the_nether
[16:51:40] [Server thread/INFO]: Time elapsed: 186 ms
[16:51:40] [Server thread/INFO]: Preparing start region for dimension minecraft:the_end
[16:51:40] [Server thread/INFO]: Time elapsed: 137 ms
[16:51:40] [Server thread/INFO]: [zPractice] Enabling zPractice v1.0-SNAPSHOT
[16:51:40] [Server thread/INFO]: Test message
[16:51:40] [Server thread/INFO]: Running delayed init tasks
[16:51:40] [Server thread/INFO]: Done (4.290s)! For help, type "help"
[16:51:40] [Server thread/INFO]: Timings Reset
[16:52:16] [User Authenticator #1/INFO]: UUID of player fankyyy is f5ba7d67-b94f-4a24-a640-154e551dd13e
[16:52:16] [Server thread/INFO]: fankyyy joined the game
[16:52:16] [Server thread/INFO]: fankyyy[/127.0.0.1:56377] logged in with entity id 317 at ([world]4.300000011920929, 105.0, 6.6209572806118056)
[17:01:24] [Server thread/INFO]: fankyyy lost connection: Disconnected
[17:01:24] [Server thread/INFO]: fankyyy left the game
[17:01:30] [Server thread/INFO]: Stopping the server
[17:01:30] [Server thread/INFO]: Stopping server
[17:01:30] [Server thread/INFO]: [zPractice] Disabling zPractice v1.0-SNAPSHOT
[17:01:30] [Server thread/INFO]: Saving players
[17:01:30] [Server thread/INFO]: Saving worlds
[17:01:31] [Server thread/INFO]: Saving chunks for level 'ServerLevel[world]'/minecraft:overworld
[17:01:34] [Server thread/INFO]: Saving chunks for level 'ServerLevel[world_nether]'/minecraft:the_nether
[17:01:34] [Server thread/INFO]: Saving chunks for level 'ServerLevel[world_the_end]'/minecraft:the_end
[17:01:34] [Server thread/INFO]: ThreadedAnvilChunkStorage (world): All chunks are saved
[17:01:34] [Server thread/INFO]: ThreadedAnvilChunkStorage (DIM-1): All chunks are saved
[17:01:34] [Server thread/INFO]: ThreadedAnvilChunkStorage (DIM1): All chunks are saved
[17:01:34] [Server thread/INFO]: ThreadedAnvilChunkStorage: All dimensions are saved
[17:01:35] [Server thread/INFO]: Flushing Chunk IO
[17:01:35] [Server thread/INFO]: Closing Thread Pool
[17:01:35] [Server thread/INFO]: Closing Server
